Copyright 1986-2022 Xilinx, Inc. All Rights Reserved. Copyright 2022-2023 Advanced Micro Devices, Inc. All Rights Reserved.
---------------------------------------------------------------------------------------------------------------------------------------------
| Tool Version : Vivado v.2023.1 (win64) Build 3865809 Sun May  7 15:05:29 MDT 2023
| Date         : Fri Apr 10 16:08:02 2026
| Host         : DESKTOP-F9OUS67 running 64-bit major release  (build 9200)
| Command      : report_control_sets -verbose -file ac_basys3_top_control_sets_placed.rpt
| Design       : ac_basys3_top
| Device       : xc7a35ti
---------------------------------------------------------------------------------------------------------------------------------------------

Control Set Information

Table of Contents
-----------------
1. Summary
2. Histogram
3. Flip-Flop Distribution
4. Detailed Control Set Information

1. Summary
----------

+----------------------------------------------------------+-------+
|                          Status                          | Count |
+----------------------------------------------------------+-------+
| Total control sets                                       |    18 |
|    Minimum number of control sets                        |    18 |
|    Addition due to synthesis replication                 |     0 |
|    Addition due to physical synthesis replication        |     0 |
| Unused register locations in slices containing registers |    79 |
+----------------------------------------------------------+-------+
* Control sets can be merged at opt_design using control_set_merge or merge_equivalent_drivers
** Run report_qor_suggestions for automated merging and remapping suggestions


2. Histogram
------------

+--------------------+-------+
|       Fanout       | Count |
+--------------------+-------+
| Total control sets |    18 |
| >= 0 to < 4        |     0 |
| >= 4 to < 6        |     2 |
| >= 6 to < 8        |     2 |
| >= 8 to < 10       |     1 |
| >= 10 to < 12      |    10 |
| >= 12 to < 14      |     0 |
| >= 14 to < 16      |     0 |
| >= 16              |     3 |
+--------------------+-------+
* Control sets can be remapped at either synth_design or opt_design


3. Flip-Flop Distribution
-------------------------

+--------------+-----------------------+------------------------+-----------------+--------------+
| Clock Enable | Synchronous Set/Reset | Asynchronous Set/Reset | Total Registers | Total Slices |
+--------------+-----------------------+------------------------+-----------------+--------------+
| No           | No                    | No                     |               0 |            0 |
| No           | No                    | Yes                    |              95 |           37 |
| No           | Yes                   | No                     |               0 |            0 |
| Yes          | No                    | No                     |               0 |            0 |
| Yes          | No                    | Yes                    |             178 |           56 |
| Yes          | Yes                   | No                     |               0 |            0 |
+--------------+-----------------------+------------------------+-----------------+--------------+


4. Detailed Control Set Information
-----------------------------------

+----------------+--------------------------------------------------+------------------+------------------+----------------+--------------+
|  Clock Signal  |                   Enable Signal                  | Set/Reset Signal | Slice Load Count | Bel Load Count | Bels / Slice |
+----------------+--------------------------------------------------+------------------+------------------+----------------+--------------+
|  clk_IBUF_BUFG | u_soc/u_challenge/value[3]_i_1_n_0               | sw_IBUF[15]      |                2 |              4 |         2.00 |
|  clk_IBUF_BUFG | u_soc/u_mode/u_ep_c/E[0]                         | sw_IBUF[15]      |                2 |              5 |         2.50 |
|  clk_IBUF_BUFG | u_soc/u_mode/u_ep_c/tick_1hz_reg[0]              | sw_IBUF[15]      |                3 |              6 |         2.00 |
|  clk_IBUF_BUFG | u_soc/u_mode/u_ep_c/pulse_out_reg_0[0]           | sw_IBUF[15]      |                3 |              6 |         2.00 |
|  clk_IBUF_BUFG | u_soc/u_clkdiv/tick_scan                         | sw_IBUF[15]      |                3 |              9 |         3.00 |
|  clk_IBUF_BUFG | u_soc/u_alarm_tbl/alarm_hour[0][4]_i_1_n_0       | sw_IBUF[15]      |                3 |             11 |         3.67 |
|  clk_IBUF_BUFG | u_soc/u_alarm_tbl/alarm_hour[1][4]_i_1_n_0       | sw_IBUF[15]      |                4 |             11 |         2.75 |
|  clk_IBUF_BUFG | u_soc/u_alarm_tbl/alarm_hour[2][4]_i_1_n_0       | sw_IBUF[15]      |                3 |             11 |         3.67 |
|  clk_IBUF_BUFG | u_soc/u_alarm_tbl/alarm_hour[4][4]_i_1_n_0       | sw_IBUF[15]      |                4 |             11 |         2.75 |
|  clk_IBUF_BUFG | u_soc/u_alarm_tbl/alarm_hour[6][4]_i_1_n_0       | sw_IBUF[15]      |                3 |             11 |         3.67 |
|  clk_IBUF_BUFG | u_soc/u_alarm_tbl/alarm_hour[5][4]_i_1_n_0       | sw_IBUF[15]      |                3 |             11 |         3.67 |
|  clk_IBUF_BUFG | u_soc/u_alarm_tbl/alarm_hour[3][4]_i_1_n_0       | sw_IBUF[15]      |                3 |             11 |         3.67 |
|  clk_IBUF_BUFG | u_soc/u_alarm_tbl/alarm_hour[7][4]_i_1_n_0       | sw_IBUF[15]      |                4 |             11 |         2.75 |
|  clk_IBUF_BUFG | u_soc/u_alarm_tbl/alarm_hour[9][4]_i_1_n_0       | sw_IBUF[15]      |                3 |             11 |         3.67 |
|  clk_IBUF_BUFG | u_soc/u_alarm_tbl/alarm_hour[8][4]_i_1_n_0       | sw_IBUF[15]      |                3 |             11 |         3.67 |
|  clk_IBUF_BUFG | u_soc/u_mode/u_db_c/stable_counter[0]_i_1__0_n_0 | sw_IBUF[15]      |                5 |             19 |         3.80 |
|  clk_IBUF_BUFG | u_soc/u_mode/u_db_mode/stable_counter[0]_i_1_n_0 | sw_IBUF[15]      |                5 |             19 |         3.80 |
|  clk_IBUF_BUFG |                                                  | sw_IBUF[15]      |               37 |             95 |         2.57 |
+----------------+--------------------------------------------------+------------------+------------------+----------------+--------------+


